d:\documents\visual studio 2013\projects\client\client\debug\vc120.pdb
d:\documents\visual studio 2013\projects\client\client\debug\qrc_client.obj
d:\documents\visual studio 2013\projects\client\client\debug\main.obj
d:\documents\visual studio 2013\projects\client\client\debug\moc_client.obj
d:\documents\visual studio 2013\projects\client\client\debug\client.obj
d:\documents\visual studio 2013\projects\client\client\generatedfiles\qrc_client.cpp
d:\documents\visual studio 2013\projects\client\client\generatedfiles\ui_client.h
d:\documents\visual studio 2013\projects\client\client\generatedfiles\debug\moc_client.cpp
d:\documents\visual studio 2013\projects\client\win32\debug\client.ilk
d:\documents\visual studio 2013\projects\client\win32\debug\client.exe
d:\documents\visual studio 2013\projects\client\win32\debug\client.pdb
d:\documents\visual studio 2013\projects\client\client\debug\client.tlog\cl.command.1.tlog
d:\documents\visual studio 2013\projects\client\client\debug\client.tlog\cl.read.1.tlog
d:\documents\visual studio 2013\projects\client\client\debug\client.tlog\cl.write.1.tlog
d:\documents\visual studio 2013\projects\client\client\debug\client.tlog\custombuild.command.1.tlog
d:\documents\visual studio 2013\projects\client\client\debug\client.tlog\custombuild.read.1.tlog
d:\documents\visual studio 2013\projects\client\client\debug\client.tlog\custombuild.write.1.tlog
d:\documents\visual studio 2013\projects\client\client\debug\client.tlog\link.command.1.tlog
d:\documents\visual studio 2013\projects\client\client\debug\client.tlog\link.read.1.tlog
d:\documents\visual studio 2013\projects\client\client\debug\client.tlog\link.write.1.tlog
