d:\documents\visual studio 2013\projects\client\server\debug\vc120.pdb
d:\documents\visual studio 2013\projects\client\server\debug\server.obj
d:\documents\visual studio 2013\projects\client\server\debug\main.obj
d:\documents\visual studio 2013\projects\client\server\debug\moc_server.obj
d:\documents\visual studio 2013\projects\client\server\debug\qrc_server.obj
d:\documents\visual studio 2013\projects\client\server\generatedfiles\debug\moc_server.cpp
d:\documents\visual studio 2013\projects\client\server\generatedfiles\ui_server.h
d:\documents\visual studio 2013\projects\client\server\generatedfiles\qrc_server.cpp
d:\documents\visual studio 2013\projects\client\win32\debug\server.ilk
d:\documents\visual studio 2013\projects\client\win32\debug\server.exe
d:\documents\visual studio 2013\projects\client\win32\debug\server.pdb
d:\documents\visual studio 2013\projects\client\server\debug\server.tlog\cl.command.1.tlog
d:\documents\visual studio 2013\projects\client\server\debug\server.tlog\cl.read.1.tlog
d:\documents\visual studio 2013\projects\client\server\debug\server.tlog\cl.write.1.tlog
d:\documents\visual studio 2013\projects\client\server\debug\server.tlog\custombuild.command.1.tlog
d:\documents\visual studio 2013\projects\client\server\debug\server.tlog\custombuild.read.1.tlog
d:\documents\visual studio 2013\projects\client\server\debug\server.tlog\custombuild.write.1.tlog
d:\documents\visual studio 2013\projects\client\server\debug\server.tlog\link.command.1.tlog
d:\documents\visual studio 2013\projects\client\server\debug\server.tlog\link.read.1.tlog
d:\documents\visual studio 2013\projects\client\server\debug\server.tlog\link.write.1.tlog
